Arguments: 
  C:\Program Files\nodejs\node.exe C:\Program Files (x86)\Yarn\bin\yarn.js install

PATH: 
  C:\Program Files\Git\mingw64\bin;C:\Program Files\Git\usr\bin;C:\Users\felip\bin;C:\Users\felip\bin;C:\Program Files\Git\mingw64\bin;C:\Program Files\Git\usr\local\bin;C:\Program Files\Git\usr\bin;C:\Program Files\Git\usr\bin;C:\Program Files\Git\mingw64\bin;C:\Program Files\Git\usr\bin;C:\Users\felip\bin;C:\Python27;C:\Python27\Scripts;C:\Program Files (x86)\Intel\Intel(R) Management Engine Components\iCLS;C:\Program Files\Intel\Intel(R) Management Engine Components\iCLS;C:\windows\system32;C:\windows;C:\windows\System32\Wbem;C:\windows\System32\WindowsPowerShell\v1.0;C:\Program Files (x86)\NVIDIA Corporation\PhysX\Common;C:\Program Files (x86)\Intel\Intel(R) Management Engine Components\DAL;C:\Program Files\Intel\Intel(R) Management Engine Components\DAL;C:\Program Files (x86)\Intel\Intel(R) Management Engine Components\IPT;C:\Program Files\Intel\Intel(R) Management Engine Components\IPT;C:\WINDOWS\system32;C:\WINDOWS;C:\WINDOWS\System32\Wbem;C:\WINDOWS\System32\WindowsPowerShell\v1.0;C:\WINDOWS\System32\OpenSSH;C:\ProgramData\chocolatey\bin;D:\laragon\bin\php\php-7.4.10-Win32-vc15-x64;C:\ProgramData\ComposerSetup\bin;C:\Program Files\Java\jdk1.8.0_201\bin;C:\Users\felip\AppData\Local\Android\Sdk\build-tools;D:\Program Files\PostgreSQL\11\bin;C:\Users\felip\AppData\Local\Android\Sdk\platform-tools;D:\Program Files\Oracle\VirtualBox;C:\Program Files\dotnet;C:\Program Files\nodejs;C:\Program Files\Git\cmd;D:\HashiCorp\Vagrant\bin;C:\Program Files (x86)\Yarn\bin;C:\Program Files\NVIDIA Corporation\NVIDIA NvDLISR;C:\Users\felip\AppData\Local\Yarn\config\global\node_modules\.bin;C:\Users\felip\AppData\Roaming\Composer\vendor\bin;C:\Users\felip\AppData\Roaming\npm;D:\laragon\bin;D:\laragon\bin\apache\httpd-2.4.35-win64-VC15\bin;D:\laragon\bin\composer;D:\laragon\bin\git\bin;D:\laragon\bin\git\cmd;D:\laragon\bin\git\mingw64\bin;D:\laragon\bin\git\usr\bin;D:\laragon\bin\laragon\utils;D:\laragon\bin\mongodb\mongodb-win32-x64-ssl-3.4.2\bin;D:\laragon\bin\mysql\mysql-5.7.24-winx64\bin;D:\laragon\bin\nginx\nginx-1.14.0;D:\laragon\bin\ngrok;D:\laragon\bin\nodejs\node-v8;D:\laragon\bin\notepad++;D:\laragon\bin\php\php-7.2.19-Win32-VC15-x64;D:\laragon\bin\postgresql\postgresql-13.0-1\bin;D:\laragon\bin\putty;D:\laragon\bin\redis\redis-x64-3.2.100;D:\laragon\bin\telnet;D:\laragon\bin\yarn\bin;D:\laragon\usr\bin;D:\Ruby26-x64\bin;C:\Users\felip\AppData\Local\Microsoft\WindowsApps;C:\Users\felip\AppData\Local\Programs\Microsoft VS Code\bin;C:\Users\felip\AppData\Local\hyper\app-3.0.2\resources\bin;C:\Users\felip\AppData\Local\Yarn\bin;C:\Program Files\Git\usr\bin\vendor_perl;C:\Program Files\Git\usr\bin\core_perl

Yarn version: 
  1.22.4

Node version: 
  12.16.1

Platform: 
  win32 x64

Trace: 
  SyntaxError: D:\Projetos Javascript\bootstra-grid-system\package.json: Unexpected token } in JSON at position 983
      at JSON.parse (<anonymous>)
      at C:\Program Files (x86)\Yarn\lib\cli.js:1625:59
      at Generator.next (<anonymous>)
      at step (C:\Program Files (x86)\Yarn\lib\cli.js:310:30)
      at C:\Program Files (x86)\Yarn\lib\cli.js:321:13

npm manifest: 
  {
    "name": "app-nutri",
    "version": "1.0.0",
    "description": "",
    "main": "index.js",
    "scripts": {
      "dev": "npm run development",
      "development": "cross-env NODE_ENV=development node_modules/webpack/bin/webpack.js --progress --hide-modules --config=node_modules/laravel-mix/setup/webpack.config.js",
      "watch": "npm run development -- --watch",
      "watch-poll": "npm run watch -- --watch-poll",
      "hot": "cross-env NODE_ENV=development node_modules/webpack-dev-server/bin/webpack-dev-server.js --inline --hot --config=node_modules/laravel-mix/setup/webpack.config.js",
      "prod": "npm run production",
      "production": "cross-env NODE_ENV=production node_modules/webpack/bin/webpack.js --no-progress --hide-modules --config=node_modules/laravel-mix/setup/webpack.config.js"
    },
    "keywords": [],
    "author": "",
    "license": "ISC",
    "dependencies": {
      "cross-env": "^7.0.2",
      "laravel-mix": "^5.0.9",
      "sass": "^1.29.0",
      "sass-loader": "^10.1.0",
    }
  }

yarn manifest: 
  No manifest

Lockfile: 
  No lockfile
